<?xml version="1.0" encoding="UTF-8"?>
<!-- Generated by org.testng.reporters.JUnitXMLReporter -->
<testsuite ignored="0" hostname="LAPTOP-0R93REBF" failures="0" tests="2" name="UI Automation Test" time="0.363" errors="0" timestamp="2025-02-09T18:12:05 IST">
  <testcase classname="com.ui.tests.TestBase" name="@BeforeMethod setup" time="0.023">
    <failure type="java.lang.IllegalArgumentException" message="No enum constant com.constants.Browser.chrome">
      <![CDATA[java.lang.IllegalArgumentException: No enum constant com.constants.Browser.chrome
at java.base/java.lang.Enum.valueOf(Enum.java:293)
at com.constants.Browser.valueOf(Browser.java:1)
at com.ui.tests.TestBase.setup(TestBase.java:42)
at java.base/java.util.concurrent.ThreadPoolExecutor.runWorker(ThreadPoolExecutor.java:1144)
at java.base/java.util.concurrent.ThreadPoolExecutor$Worker.run(ThreadPoolExecutor.java:642)
at java.base/java.lang.Thread.run(Thread.java:1570)
... Removed 14 stack frames]]>
    </failure>
  </testcase> <!-- @BeforeMethod setup -->
  <testcase classname="com.ui.tests.TestBase" name="@AfterMethod tearDown" time="-1.739104925141E9">
    <skipped/>
  </testcase> <!-- @AfterMethod tearDown -->
  <testcase classname="com.ui.tests.TestBase" name="@BeforeMethod setup" time="-1.739104925144E9">
    <skipped/>
  </testcase> <!-- @BeforeMethod setup -->
  <testcase classname="com.ui.tests.TestBase" name="@AfterMethod tearDown" time="-1.739104925154E9">
    <skipped/>
  </testcase> <!-- @AfterMethod tearDown -->
  <testcase classname="com.ui.tests.LoginTest" name="loginTest" time="0.0">
    <skipped/>
  </testcase> <!-- loginTest -->
  <testcase classname="com.ui.tests.LoginTest" name="loginTest" time="0.0">
    <skipped/>
  </testcase> <!-- loginTest -->
</testsuite> <!-- UI Automation Test -->
